# JRE version: Java(TM) SE Runtime Environment (8.0_201-b09) (build 1.8.0_201-b09)
# Java VM: Java HotSpot(TM) 64-Bit Server VM (25.201-b09 mixed mode windows-amd64 compressed oops)
Heap:
 PSYoungGen      total 71680K, used 51485K [0x00000000d5f00000, 0x00000000daa00000, 0x0000000100000000)
  eden space 66560K, 69% used [0x00000000d5f00000,0x00000000d8c4d9e0,0x00000000da000000)
  from space 5120K, 99% used [0x00000000da500000,0x00000000da9f9bc8,0x00000000daa00000)
  to   space 5120K, 0% used [0x00000000da000000,0x00000000da000000,0x00000000da500000)
 ParOldGen       total 59904K, used 14163K [0x0000000081c00000, 0x0000000085680000, 0x00000000d5f00000)
  object space 59904K, 23% used [0x0000000081c00000,0x00000000829d4d88,0x0000000085680000)
 Metaspace       used 29280K, capacity 31456K, committed 31744K, reserved 1077248K
  class space    used 3873K, capacity 4284K, committed 4352K, reserved 1048576K
GC Heap History (10 events):
Event: 2.000 GC heap before
{Heap before GC invocations=3 (full 0):
 PSYoungGen      total 38400K, used 38389K [0x00000000d5f00000, 0x00000000daa00000, 0x0000000100000000)
  eden space 33280K, 100% used [0x00000000d5f00000,0x00000000d7f80000,0x00000000d7f80000)
  from space 5120K, 99% used [0x00000000d8480000,0x00000000d897d648,0x00000000d8980000)
  to   space 5120K, 0% used [0x00000000d7f80000,0x00000000d7f80000,0x00000000d8480000)
 ParOldGen       total 87552K, used 784K [0x0000000081c00000, 0x0000000087180000, 0x00000000d5f00000)
  object space 87552K, 0% used [0x0000000081c00000,0x0000000081cc4138,0x0000000087180000)
 Metaspace       used 16711K, capacity 18146K, committed 18432K, reserved 1064960K
  class space    used 2192K, capacity 2495K, committed 2560K, reserved 1048576K
Event: 2.009 GC heap after
Heap after GC invocations=3 (full 0):
 PSYoungGen      total 38400K, used 5110K [0x00000000d5f00000, 0x00000000daa00000, 0x0000000100000000)
  eden space 33280K, 0% used [0x00000000d5f00000,0x00000000d5f00000,0x00000000d7f80000)
  from space 5120K, 99% used [0x00000000d7f80000,0x00000000d847dab0,0x00000000d8480000)
  to   space 5120K, 0% used [0x00000000da500000,0x00000000da500000,0x00000000daa00000)
 ParOldGen       total 87552K, used 3010K [0x0000000081c00000, 0x0000000087180000, 0x00000000d5f00000)
  object space 87552K, 3% used [0x0000000081c00000,0x0000000081ef0880,0x0000000087180000)
 Metaspace       used 16711K, capacity 18146K, committed 18432K, reserved 1064960K
  class space    used 2192K, capacity 2495K, committed 2560K, reserved 1048576K
}
Event: 2.207 GC heap before
{Heap before GC invocations=4 (full 0):
 PSYoungGen      total 38400K, used 28064K [0x00000000d5f00000, 0x00000000daa00000, 0x0000000100000000)
  eden space 33280K, 68% used [0x00000000d5f00000,0x00000000d756a690,0x00000000d7f80000)
  from space 5120K, 99% used [0x00000000d7f80000,0x00000000d847dab0,0x00000000d8480000)
  to   space 5120K, 0% used [0x00000000da500000,0x00000000da500000,0x00000000daa00000)
 ParOldGen       total 87552K, used 3010K [0x0000000081c00000, 0x0000000087180000, 0x00000000d5f00000)
  object space 87552K, 3% used [0x0000000081c00000,0x0000000081ef0880,0x0000000087180000)
 Metaspace       used 19693K, capacity 21160K, committed 21296K, reserved 1067008K
  class space    used 2542K, capacity 2826K, committed 2944K, reserved 1048576K
Event: 2.219 GC heap after
Heap after GC invocations=4 (full 0):
 PSYoungGen      total 71680K, used 5114K [0x00000000d5f00000, 0x00000000daa00000, 0x0000000100000000)
  eden space 66560K, 0% used [0x00000000d5f00000,0x00000000d5f00000,0x00000000da000000)
  from space 5120K, 99% used [0x00000000da500000,0x00000000da9fea10,0x00000000daa00000)
  to   space 5120K, 0% used [0x00000000da000000,0x00000000da000000,0x00000000da500000)
 ParOldGen       total 87552K, used 5599K [0x0000000081c00000, 0x0000000087180000, 0x00000000d5f00000)
  object space 87552K, 6% used [0x0000000081c00000,0x0000000082177c10,0x0000000087180000)
 Metaspace       used 19693K, capacity 21160K, committed 21296K, reserved 1067008K
  class space    used 2542K, capacity 2826K, committed 2944K, reserved 1048576K
}
Event: 2.220 GC heap before
{Heap before GC invocations=5 (full 1):
 PSYoungGen      total 71680K, used 5114K [0x00000000d5f00000, 0x00000000daa00000, 0x0000000100000000)
  eden space 66560K, 0% used [0x00000000d5f00000,0x00000000d5f00000,0x00000000da000000)
  from space 5120K, 99% used [0x00000000da500000,0x00000000da9fea10,0x00000000daa00000)
  to   space 5120K, 0% used [0x00000000da000000,0x00000000da000000,0x00000000da500000)
 ParOldGen       total 87552K, used 5599K [0x0000000081c00000, 0x0000000087180000, 0x00000000d5f00000)
  object space 87552K, 6% used [0x0000000081c00000,0x0000000082177c10,0x0000000087180000)
 Metaspace       used 19693K, capacity 21160K, committed 21296K, reserved 1067008K
  class space    used 2542K, capacity 2826K, committed 2944K, reserved 1048576K
Event: 2.265 GC heap after
Heap after GC invocations=5 (full 1):
 PSYoungGen      total 71680K, used 0K [0x00000000d5f00000, 0x00000000daa00000, 0x0000000100000000)
  eden space 66560K, 0% used [0x00000000d5f00000,0x00000000d5f00000,0x00000000da000000)
  from space 5120K, 0% used [0x00000000da500000,0x00000000da500000,0x00000000daa00000)
  to   space 5120K, 0% used [0x00000000da000000,0x00000000da000000,0x00000000da500000)
 ParOldGen       total 59904K, used 7588K [0x0000000081c00000, 0x0000000085680000, 0x00000000d5f00000)
  object space 59904K, 12% used [0x0000000081c00000,0x00000000823692d0,0x0000000085680000)
 Metaspace       used 19693K, capacity 21160K, committed 21296K, reserved 1067008K
  class space    used 2542K, capacity 2826K, committed 2944K, reserved 1048576K
}
Event: 2.860 GC heap before
{Heap before GC invocations=6 (full 1):
 PSYoungGen      total 71680K, used 66560K [0x00000000d5f00000, 0x00000000daa00000, 0x0000000100000000)
  eden space 66560K, 100% used [0x00000000d5f00000,0x00000000da000000,0x00000000da000000)
  from space 5120K, 0% used [0x00000000da500000,0x00000000da500000,0x00000000daa00000)
  to   space 5120K, 0% used [0x00000000da000000,0x00000000da000000,0x00000000da500000)
 ParOldGen       total 59904K, used 7588K [0x0000000081c00000, 0x0000000085680000, 0x00000000d5f00000)
  object space 59904K, 12% used [0x0000000081c00000,0x00000000823692d0,0x0000000085680000)
 Metaspace       used 23092K, capacity 24790K, committed 24960K, reserved 1071104K
  class space    used 3011K, capacity 3337K, committed 3456K, reserved 1048576K
Event: 2.883 GC heap after
Heap after GC invocations=6 (full 1):
 PSYoungGen      total 71680K, used 5088K [0x00000000d5f00000, 0x00000000daa00000, 0x0000000100000000)
  eden space 66560K, 0% used [0x00000000d5f00000,0x00000000d5f00000,0x00000000da000000)
  from space 5120K, 99% used [0x00000000da000000,0x00000000da4f82e0,0x00000000da500000)
  to   space 5120K, 0% used [0x00000000da500000,0x00000000da500000,0x00000000daa00000)
 ParOldGen       total 59904K, used 10875K [0x0000000081c00000, 0x0000000085680000, 0x00000000d5f00000)
  object space 59904K, 18% used [0x0000000081c00000,0x000000008269ee18,0x0000000085680000)
 Metaspace       used 23092K, capacity 24790K, committed 24960K, reserved 1071104K
  class space    used 3011K, capacity 3337K, committed 3456K, reserved 1048576K
}
Event: 3.720 GC heap before
{Heap before GC invocations=7 (full 1):
 PSYoungGen      total 71680K, used 71648K [0x00000000d5f00000, 0x00000000daa00000, 0x0000000100000000)
  eden space 66560K, 100% used [0x00000000d5f00000,0x00000000da000000,0x00000000da000000)
  from space 5120K, 99% used [0x00000000da000000,0x00000000da4f82e0,0x00000000da500000)
  to   space 5120K, 0% used [0x00000000da500000,0x00000000da500000,0x00000000daa00000)
 ParOldGen       total 59904K, used 10875K [0x0000000081c00000, 0x0000000085680000, 0x00000000d5f00000)
  object space 59904K, 18% used [0x0000000081c00000,0x000000008269ee18,0x0000000085680000)
 Metaspace       used 26936K, capacity 28930K, committed 29056K, reserved 1075200K
  class space    used 3558K, capacity 3947K, committed 3968K, reserved 1048576K
Event: 3.728 GC heap after
Heap after GC invocations=7 (full 1):
 PSYoungGen      total 71680K, used 5094K [0x00000000d5f00000, 0x00000000daa00000, 0x0000000100000000)
  eden space 66560K, 0% used [0x00000000d5f00000,0x00000000d5f00000,0x00000000da000000)
  from space 5120K, 99% used [0x00000000da500000,0x00000000da9f9bc8,0x00000000daa00000)
  to   space 5120K, 0% used [0x00000000da000000,0x00000000da000000,0x00000000da500000)
 ParOldGen       total 59904K, used 14163K [0x0000000081c00000, 0x0000000085680000, 0x00000000d5f00000)
  object space 59904K, 23% used [0x0000000081c00000,0x00000000829d4d88,0x0000000085680000)
 Metaspace       used 26936K, capacity 28930K, committed 29056K, reserved 1075200K
  class space    used 3558K, capacity 3947K, committed 3968K, reserved 1048576K
}

